[INFO] Scanning for projects...
[INFO] 
[INFO] -----------------< com.mt:maven-stanalone-application >-----------------
[INFO] Building maven-stanalone-application 0.0.1-SNAPSHOT
[INFO] --------------------------------[ jar ]---------------------------------
[INFO] 
[INFO] --- maven-resources-plugin:2.6:resources (default-resources) @ maven-stanalone-application ---
[INFO] Using 'UTF-8' encoding to copy filtered resources.
[INFO] skip non existing resourceDirectory /home/ec2-user/tesla/javaprojects/maven-standalone-application/src/main/resources
[INFO] 
[INFO] --- maven-compiler-plugin:3.1:compile (default-compile) @ maven-stanalone-application ---
[INFO] Nothing to compile - all classes are up to date
[INFO] 
[INFO] --- maven-resources-plugin:2.6:testResources (default-testResources) @ maven-stanalone-application ---
[INFO] Using 'UTF-8' encoding to copy filtered resources.
[INFO] skip non existing resourceDirectory /home/ec2-user/tesla/javaprojects/maven-standalone-application/src/test/resources
[INFO] 
[INFO] --- maven-compiler-plugin:3.1:testCompile (default-testCompile) @ maven-stanalone-application ---
[INFO] Nothing to compile - all classes are up to date
[INFO] 
[INFO] --- maven-surefire-plugin:2.12.4:test (default-test) @ maven-stanalone-application ---
[INFO] Surefire report directory: /home/ec2-user/tesla/javaprojects/maven-standalone-application/target/surefire-reports

-------------------------------------------------------
 T E S T S
-------------------------------------------------------
Running com.mt.sample.test.HelloWorldTest
Tests run: 1, Failures: 0, Errors: 0, Skipped: 0, Time elapsed: 0.002 sec

Results :

Tests run: 1, Failures: 0, Errors: 0, Skipped: 0

[INFO] 
[INFO] --- maven-jar-plugin:3.1.0:jar (default-jar) @ maven-stanalone-application ---
[INFO] ------------------------------------------------------------------------
[INFO] BUILD SUCCESS
[INFO] ------------------------------------------------------------------------
[INFO] Total time:  1.259 s
[INFO] Finished at: 2022-06-28T19:18:16Z
[INFO] ------------------------------------------------------------------------
